[11:24:15] [main/INFO] (FabricLoader/GameProvider) Loading Minecraft 1.21 with Fabric Loader 0.16.7
[11:24:15] [main/DEBUG] (FabricLoader/GamePatch) Found game constructor: net.minecraft.server.Main -> net/minecraft/server/Main
[11:24:15] [main/DEBUG] (FabricLoader/GamePatch) Patching game constructor main([Ljava/lang/String;)V
[11:24:15] [main/DEBUG] (FabricLoader/GamePatch) 20w22a+ detected, patching main method...
[11:24:15] [main/DEBUG] (FabricLoader/GamePatch) Detected version above 20w22a
[11:24:15] [main/DEBUG] (FabricLoader/GamePatch) Applying brand name hook to net/minecraft/client/ClientBrandRetriever::getClientModName
[11:24:15] [main/DEBUG] (FabricLoader/GamePatch) Applying brand name hook to net/minecraft/server/MinecraftServer::getServerModName
[11:24:15] [main/DEBUG] (FabricLoader/GamePatch) Patched 3 classs
[11:24:15] [ForkJoinPool-1-worker-1/WARN] (FabricLoader/Metadata) Mod carpet_pc_addition uses the version ${version} which isn't compatible with Loader's extended semantic version format (Could not parse version number component '${version}'!), SemVer is recommended for reliably evaluating dependencies and prioritizing newer version
[11:24:15] [main/DEBUG] (FabricLoader/Discovery) Mod discovery time: 30.3 ms
[11:24:15] [main/WARN] (FabricLoader/Resolution) Mod resolution failed
[11:24:15] [main/INFO] (FabricLoader/Resolution) Immediate reason: [HARD_DEP_NO_CANDIDATE carpet_pc_addition ${version} {depends fabricloader @ [>=${loader_version}]}, ROOT_FORCELOAD_SINGLE carpet_pc_addition ${version}]
[11:24:15] [main/INFO] (FabricLoader/Resolution) Reason: [HARD_DEP carpet_pc_addition ${version} {depends fabricloader @ [>=${loader_version}]}]
[11:24:15] [main/INFO] (FabricLoader/Resolution) SERVER environment disabled: [fabric-renderer-api-v1, fabric-model-loading-api-v1, fabric-keybindings-v0, fabric-renderer-registries-v1, fabric-client-tags-api-v1, fabric-sound-api-v1, fabric-screen-api-v1, fabric-rendering-v0, fabric-key-binding-api-v1, fabric-rendering-v1, fabric-renderer-indigo, fabric-blockrenderlayer-v1]
[11:24:15] [main/INFO] (FabricLoader/Resolution) Fix: add [], remove [], replace [[carpet_pc_addition ${version}] -> add:carpet_pc_addition 1 ([(-∞,∞)])]
[11:24:15] [main/ERROR] (FabricLoader) Incompatible mods found!
net.fabricmc.loader.impl.FormattedException: Some of your mods are incompatible with the game or each other!
确定了一种可能的解决方法，这样做可能会解决你的问题：
	 - 将 模组 'carpet pc addition' (carpet_pc_addition) ${version} 替换为与这一模组兼容的 任意版本：
		 - fabricloader 0.16.7
更多信息：
	 - 模组 'carpet pc addition' (carpet_pc_addition) ${version} 需要 模组 'Fabric Loader' (fabricloader) 的 ${loader_version} 版本，但已经安装了的版本 0.16.7 不对！
	at net.fabricmc.loader.impl.FormattedException.ofLocalized(FormattedException.java:51) ~[fabric-loader-0.16.7.jar:?]
	at net.fabricmc.loader.impl.FabricLoaderImpl.load(FabricLoaderImpl.java:196) ~[fabric-loader-0.16.7.jar:?]
	at net.fabricmc.loader.impl.launch.knot.Knot.init(Knot.java:146) ~[fabric-loader-0.16.7.jar:?]
	at net.fabricmc.loader.impl.launch.knot.Knot.launch(Knot.java:68) [fabric-loader-0.16.7.jar:?]
	at net.fabricmc.loader.impl.launch.knot.KnotServer.main(KnotServer.java:23) [fabric-loader-0.16.7.jar:?]
	at net.fabricmc.devlaunchinjector.Main.main(Main.java:86) [dev-launch-injector-0.2.1+build.8.jar:?]
